2020-07-20 20:51:31,787 List of companies that has no contact details and no address details
2020-07-20 20:52:03,807 Sorry! no details are available
2020-07-20 20:52:03,807 Adobe Systems, Inc
2020-07-20 20:53:18,582 Sorry! no details are available
2020-07-20 20:53:18,582 BuzzSumo
2020-07-20 20:55:07,368 Sorry! no details are available
2020-07-20 20:55:07,369 e-Spirit, Inc.
2020-07-20 20:55:31,238 Sorry! no details are available
2020-07-20 20:55:31,238 Frame.io, Inc.
2020-07-20 20:55:55,817 Sorry! no details are available
2020-07-20 20:55:55,817 IBM
2020-07-20 20:56:09,269 Sorry! no details are available
2020-07-20 20:56:09,269 Ingeniux Corp.
2020-07-20 20:57:37,553 Sorry! no details are available
2020-07-20 20:57:37,553 PLACED, INC.
2020-07-20 20:57:42,364 Sorry! no details are available
2020-07-20 20:57:42,364 PublishThis (American City Business Journals)
2020-07-20 21:00:49,709 Sorry! no details are available
2020-07-20 21:00:49,709 Twitter
2020-07-20 21:01:00,763 Sorry! no details are available
2020-07-20 21:01:00,763 Vimeo, Inc.
